{"E:\\Coding\\BootCamps\\Day 39\\exercise\\Assignment-Day39\\fungsi dan test\\fungsi\\math.js": {"path":"E:\\Coding\\BootCamps\\Day 39\\exercise\\Assignment-Day39\\fungsi dan test\\fungsi\\math.js","statementMap":{"0":{"start":{"line":2,"column":16},"end":{"line":2,"column":27}},"1":{"start":{"line":3,"column":14},"end":{"line":3,"column":28}},"2":{"start":{"line":5,"column":4},"end":{"line":5,"column":37}},"3":{"start":{"line":9,"column":16},"end":{"line":9,"column":27}},"4":{"start":{"line":10,"column":15},"end":{"line":10,"column":34}},"5":{"start":{"line":12,"column":4},"end":{"line":12,"column":26}},"6":{"start":{"line":15,"column":23},"end":{"line":22,"column":1}},"7":{"start":{"line":16,"column":19},"end":{"line":16,"column":36}},"8":{"start":{"line":17,"column":8},"end":{"line":20,"column":11}},"9":{"start":{"line":24,"column":24},"end":{"line":31,"column":1}},"10":{"start":{"line":25,"column":19},"end":{"line":25,"column":37}},"11":{"start":{"line":26,"column":8},"end":{"line":29,"column":11}},"12":{"start":{"line":33,"column":0},"end":{"line":36,"column":2}}},"fnMap":{"0":{"name":"isWeekend","decl":{"start":{"line":1,"column":9},"end":{"line":1,"column":18}},"loc":{"start":{"line":1,"column":21},"end":{"line":6,"column":1}},"line":1},"1":{"name":"isLeapYear","decl":{"start":{"line":8,"column":9},"end":{"line":8,"column":19}},"loc":{"start":{"line":8,"column":22},"end":{"line":13,"column":1}},"line":8},"2":{"name":"(anonymous_2)","decl":{"start":{"line":15,"column":23},"end":{"line":15,"column":24}},"loc":{"start":{"line":15,"column":43},"end":{"line":22,"column":1}},"line":15},"3":{"name":"(anonymous_3)","decl":{"start":{"line":24,"column":24},"end":{"line":24,"column":25}},"loc":{"start":{"line":24,"column":44},"end":{"line":31,"column":1}},"line":24}},"branchMap":{"0":{"loc":{"start":{"line":5,"column":12},"end":{"line":5,"column":36}},"type":"binary-expr","locations":[{"start":{"line":5,"column":13},"end":{"line":5,"column":21}},{"start":{"line":5,"column":27},"end":{"line":5,"column":35}}],"line":5}},"s":{"0":1,"1":1,"2":1,"3":1,"4":1,"5":1,"6":2,"7":1,"8":1,"9":2,"10":1,"11":1,"12":2},"f":{"0":1,"1":1,"2":1,"3":1},"b":{"0":[1,0]},"_coverageSchema":"1a1c01bbd47fc00a2c39e90264f33305004495a9","hash":"39d319dabfe3040769862eef3d3c053f62543193"}
}
